<?xml version="1.0" encoding="UTF-8"?>
<!-- Generated by org.testng.reporters.JUnitReportReporter -->
<testsuite hostname="DESKTOP-EMCJ30D" failures="0" tests="1" name="test_automation.test_automation.Mytest" time="42.238" errors="0" timestamp="2023-06-16T11:18:12 IST" skipped="0">
  <testcase classname="test_automation.test_automation.Mytest" name="openurl" time="42.238"/>
  <system-out/>
</testsuite> <!-- test_automation.test_automation.Mytest -->
