<?xml version="1.0" encoding="UTF-8"?>
<!-- Generated by org.testng.reporters.JUnitReportReporter -->
<testsuite hostname="DESKTOP-EMCJ30D" failures="0" tests="1" name="test_automation.test_automation.Mytest" time="28.234" errors="0" timestamp="2023-06-21T11:52:34 IST" skipped="0">
  <testcase classname="test_automation.test_automation.Mytest" name="main" time="28.234"/>
  <system-out/>
</testsuite> <!-- test_automation.test_automation.Mytest -->
